\BOOKMARK [1][-]{section.1}{\376\377\003\240\003\265\003\301\003\257\003\273\003\267\003\310\003\267}{}% 1
\BOOKMARK [1][-]{section.2}{\376\377\003\225\003\271\003\303\003\261\003\263\003\311\003\263\003\256}{}% 2
\BOOKMARK [2][-]{subsection.2.1}{\376\377\000R\000e\000i\000n\000f\000o\000r\000c\000e\000m\000e\000n\000t\000\040\000L\000e\000a\000r\000n\000i\000n\000g}{section.2}% 3
\BOOKMARK [2][-]{subsection.2.2}{\376\377\000G\000o\000o\000g\000l\000e\000\040\000D\000r\000e\000a\000m\000e\000r}{section.2}% 4
\BOOKMARK [2][-]{subsection.2.3}{\376\377\000M\000o\000d\000e\000l\000-\000B\000a\000s\000e\000d\000\040\000v\000s\000\040\000M\000o\000d\000e\000l\000-\000F\000r\000e\000e\000\040\000R\000L}{section.2}% 5
\BOOKMARK [1][-]{section.3}{\376\377\000C\000o\000m\000p\000o\000n\000e\000n\000t\000s}{}% 6
\BOOKMARK [2][-]{subsection.3.1}{\376\377\000V\000a\000r\000i\000a\000t\000i\000o\000n\000a\000l\000\040\000A\000u\000t\000o\000e\000n\000c\000o\000d\000e\000r\000\040\000\050\000V\000A\000E\000\051}{section.3}% 7
\BOOKMARK [3][-]{subsubsection.3.1.1}{\376\377\000E\000n\000c\000o\000d\000e\000r\000:\000\040\000p\000\050\000s\000t\000\040\000s\000t\000-\0001\000,\000\040\000a\000t\000-\0001\000,\000\040\000o\000t\000\051}{subsection.3.1}% 8
\BOOKMARK [3][-]{subsubsection.3.1.2}{\376\377\000D\000e\000c\000o\000d\000e\000r\000:\000\040\000p\000\050\000o\000t\000\040\000s\000t\000\051}{subsection.3.1}% 9
\BOOKMARK [3][-]{subsubsection.3.1.3}{\376\377\003\225\003\300\003\271\003\273\003\277\003\263\003\256\000\040\003\221\003\303\003\300\003\301\003\314\003\274\003\261\003\305\003\301\003\267\003\302\000\040\003\225\003\300\003\265\003\276\003\265\003\301\003\263\003\261\003\303\003\257\003\261\003\302}{subsection.3.1}% 10
\BOOKMARK [2][-]{subsection.3.2}{\376\377\000R\000e\000c\000u\000r\000r\000e\000n\000t\000\040\000S\000t\000a\000t\000e\000\040\000S\000p\000a\000c\000e\000\040\000M\000o\000d\000e\000l\000\040\000\050\000R\000S\000S\000M\000\051}{section.3}% 11
\BOOKMARK [2][-]{subsection.3.3}{\376\377\000R\000e\000w\000a\000r\000d\000\040\000M\000o\000d\000e\000l}{section.3}% 12
\BOOKMARK [2][-]{subsection.3.4}{\376\377\000A\000c\000t\000o\000r}{section.3}% 13
\BOOKMARK [3][-]{subsubsection.3.4.1}{\376\377\000A\000c\000t\000o\000r\000\040\000S\000t\000r\000u\000c\000t\000u\000r\000e}{subsection.3.4}% 14
\BOOKMARK [3][-]{subsubsection.3.4.2}{\376\377\000R\000e\000p\000a\000r\000a\000m\000e\000t\000e\000r\000i\000z\000a\000t\000i\000o\000n\000\040\000T\000r\000i\000c\000k}{subsection.3.4}% 15
\BOOKMARK [2][-]{subsection.3.5}{\376\377\000C\000r\000i\000t\000i\000c}{section.3}% 16
\BOOKMARK [2][-]{subsection.3.6}{\376\377\000V\000a\000l\000u\000e\000\040\000E\000s\000t\000i\000m\000a\000t\000i\000o\000n\000\040\000V\000-\000l\000a\000m\000b\000d\000a}{section.3}% 17
\BOOKMARK [1][-]{section.4}{\376\377\003\221\003\273\003\263\003\314\003\301\003\271\003\270\003\274\003\277\003\302}{}% 18
\BOOKMARK [2][-]{subsection.4.1}{\376\377\003\221\003\301\003\307\003\271\003\272\003\277\003\300\003\277\003\257\003\267\003\303\003\267}{section.4}% 19
\BOOKMARK [2][-]{subsection.4.2}{\376\377\003\246\003\254\003\303\003\267\000\040\0001\000:\000\040\003\243\003\305\003\273\003\273\003\277\003\263\003\256\000\040\003\264\003\265\003\264\003\277\003\274\003\255\003\275\003\311\003\275}{section.4}% 20
\BOOKMARK [2][-]{subsection.4.3}{\376\377\003\246\003\254\003\303\003\267\000\040\0002\000:\000\040\000R\000e\000p\000r\000e\000s\000e\000n\000t\000a\000t\000i\000o\000n\000\040\000L\000e\000a\000r\000n\000i\000n\000g}{section.4}% 21
\BOOKMARK [2][-]{subsection.4.4}{\376\377\003\246\003\254\003\303\003\267\000\040\0003\000:\000\040\003\247\003\316\003\301\003\277\003\302\000\040\003\233\003\261\003\275\003\270\003\254\003\275\003\277\003\305\003\303\003\261\003\302\000\040\003\246\003\261\003\275\003\304\003\261\003\303\003\257\003\261\003\302\000\040\000-\000\040\003\225\003\272\003\300\003\261\003\257\003\264\003\265\003\305\003\303\003\267\000\040\003\243\003\305\003\274\003\300\003\265\003\301\003\271\003\306\003\277\003\301\003\254\003\302}{section.4}% 22
\BOOKMARK [1][-]{section.5}{\376\377\003\221\003\300\003\277\003\304\003\265\003\273\003\255\003\303\003\274\003\261\003\304\003\261}{}% 23
\BOOKMARK [2][-]{subsection.5.1}{\376\377\000S\000t\000a\000n\000d\000a\000r\000d\000\040\003\241\003\315\003\270\003\274\003\271\003\303\003\267}{section.5}% 24
\BOOKMARK [2][-]{subsection.5.2}{\376\377\003\243\003\315\003\275\003\277\003\310\003\267\000\040\003\225\003\272\003\300\003\261\003\257\003\264\003\265\003\305\003\303\003\267\003\302}{section.5}% 25
\BOOKMARK [2][-]{subsection.5.3}{\376\377\003\243\003\315\003\263\003\272\003\301\003\271\003\303\003\267\000\040\003\225\003\300\003\271\003\264\003\314\003\303\003\265\003\311\003\275\000\040\000\050\000P\000e\000r\000f\000o\000r\000m\000a\000n\000c\000e\000\040\000C\000o\000m\000p\000a\000r\000i\000s\000o\000n\000\051}{section.5}% 26
\BOOKMARK [2][-]{subsection.5.4}{\376\377\003\237\003\300\003\304\003\271\003\272\003\256\000\040\003\240\003\261\003\301\003\261\003\304\003\256\003\301\003\267\003\303\003\267\000\040\003\303\003\265\000\040\003\264\003\271\003\254\003\306\003\277\003\301\003\261\000\040\003\303\003\304\003\254\003\264\003\271\003\261\000\040\003\265\003\272\003\300\003\261\003\257\003\264\003\265\003\305\003\303\003\267\003\302}{section.5}% 27
\BOOKMARK [1][-]{section.6}{\376\377\003\243\003\305\003\274\003\300\003\265\003\301\003\254\003\303\003\274\003\261\003\304\003\261}{}% 28
